c:\users\lee jung uk\desktop\게임소프트웨어공학\gamesoftwareproject_leejunguk\gse_leejunguk_1_2013180030\simplegame (1)\simplegame\x64\release\simplegame.pch
c:\users\lee jung uk\desktop\게임소프트웨어공학\gamesoftwareproject_leejunguk\gse_leejunguk_1_2013180030\simplegame (1)\simplegame\x64\release\vc141.pdb
c:\users\lee jung uk\desktop\게임소프트웨어공학\gamesoftwareproject_leejunguk\gse_leejunguk_1_2013180030\simplegame (1)\simplegame\x64\release\stdafx.obj
c:\users\lee jung uk\desktop\게임소프트웨어공학\gamesoftwareproject_leejunguk\gse_leejunguk_1_2013180030\simplegame (1)\simplegame\x64\release\simplegame.obj
c:\users\lee jung uk\desktop\게임소프트웨어공학\gamesoftwareproject_leejunguk\gse_leejunguk_1_2013180030\simplegame (1)\simplegame\x64\release\renderer.obj
c:\users\lee jung uk\desktop\게임소프트웨어공학\gamesoftwareproject_leejunguk\gse_leejunguk_1_2013180030\simplegame (1)\simplegame\x64\release\building.obj
c:\users\lee jung uk\desktop\게임소프트웨어공학\gamesoftwareproject_leejunguk\gse_leejunguk_1_2013180030\gse_leejunguk_1_2013180030\simplegame (1)\simplegame\x64\release\simplegame.pch
c:\users\lee jung uk\desktop\게임소프트웨어공학\gamesoftwareproject_leejunguk\gse_leejunguk_1_2013180030\gse_leejunguk_1_2013180030\simplegame (1)\simplegame\x64\release\vc141.pdb
c:\users\lee jung uk\desktop\게임소프트웨어공학\gamesoftwareproject_leejunguk\gse_leejunguk_1_2013180030\gse_leejunguk_1_2013180030\simplegame (1)\simplegame\x64\release\stdafx.obj
c:\users\lee jung uk\desktop\게임소프트웨어공학\gamesoftwareproject_leejunguk\gse_leejunguk_1_2013180030\gse_leejunguk_1_2013180030\simplegame (1)\simplegame\x64\release\simplegame.obj
c:\users\lee jung uk\desktop\게임소프트웨어공학\gamesoftwareproject_leejunguk\gse_leejunguk_1_2013180030\gse_leejunguk_1_2013180030\simplegame (1)\simplegame\x64\release\renderer.obj
c:\users\lee jung uk\desktop\게임소프트웨어공학\gamesoftwareproject_leejunguk\gse_leejunguk_1_2013180030\gse_leejunguk_1_2013180030\simplegame (1)\simplegame\x64\release\building.obj
c:\users\lee jung uk\desktop\게임소프트웨어공학\gamesoftwareproject_leejunguk\gse_leejunguk_1_2013180030\gse_leejunguk_1_2013180030\simplegame (1)\simplegame\x64\release\object.obj
c:\users\lee jung uk\desktop\게임소프트웨어공학\gamesoftwareproject_leejunguk\gse_leejunguk_1_2013180030\simplegame (1)\x64\release\simplegame.exe
c:\users\lee jung uk\desktop\게임소프트웨어공학\gamesoftwareproject_leejunguk\gse_leejunguk_1_2013180030\simplegame (1)\x64\release\simplegame.pdb
c:\users\lee jung uk\desktop\게임소프트웨어공학\gamesoftwareproject_leejunguk\gse_leejunguk_1_2013180030\simplegame (1)\x64\release\simplegame.ipdb
c:\users\lee jung uk\desktop\게임소프트웨어공학\gamesoftwareproject_leejunguk\gse_leejunguk_1_2013180030\simplegame (1)\x64\release\simplegame.iobj
c:\users\lee jung uk\desktop\게임소프트웨어공학\gamesoftwareproject_leejunguk\gse_leejunguk_1_2013180030\gse_leejunguk_1_2013180030\simplegame (1)\x64\release\simplegame.ipdb
c:\users\lee jung uk\desktop\게임소프트웨어공학\gamesoftwareproject_leejunguk\gse_leejunguk_1_2013180030\gse_leejunguk_1_2013180030\simplegame (1)\x64\release\simplegame.iobj
c:\users\lee jung uk\desktop\게임소프트웨어공학\gamesoftwareproject_leejunguk\gse_leejunguk_1_2013180030\gse_leejunguk_1_2013180030\simplegame (1)\x64\release\simplegame.pdb
c:\users\lee jung uk\desktop\게임소프트웨어공학\gamesoftwareproject_leejunguk\gse_leejunguk_1_2013180030\gse_leejunguk_1_2013180030\simplegame (1)\simplegame\x64\release\simplegame.tlog\cl.command.1.tlog
c:\users\lee jung uk\desktop\게임소프트웨어공학\gamesoftwareproject_leejunguk\gse_leejunguk_1_2013180030\gse_leejunguk_1_2013180030\simplegame (1)\simplegame\x64\release\simplegame.tlog\cl.read.1.tlog
c:\users\lee jung uk\desktop\게임소프트웨어공학\gamesoftwareproject_leejunguk\gse_leejunguk_1_2013180030\gse_leejunguk_1_2013180030\simplegame (1)\simplegame\x64\release\simplegame.tlog\cl.write.1.tlog
c:\users\lee jung uk\desktop\게임소프트웨어공학\gamesoftwareproject_leejunguk\gse_leejunguk_1_2013180030\gse_leejunguk_1_2013180030\simplegame (1)\simplegame\x64\release\simplegame.tlog\link.command.1.tlog
c:\users\lee jung uk\desktop\게임소프트웨어공학\gamesoftwareproject_leejunguk\gse_leejunguk_1_2013180030\gse_leejunguk_1_2013180030\simplegame (1)\simplegame\x64\release\simplegame.tlog\link.read.1.tlog
c:\users\lee jung uk\desktop\게임소프트웨어공학\gamesoftwareproject_leejunguk\gse_leejunguk_1_2013180030\gse_leejunguk_1_2013180030\simplegame (1)\simplegame\x64\release\simplegame.tlog\link.write.1.tlog
c:\users\lee jung uk\desktop\게임소프트웨어공학\gamesoftwareproject_leejunguk\gse_leejunguk_1_2013180030\gse_leejunguk_1_2013180030\simplegame (1)\simplegame\x64\release\simplegame.tlog\simplegame.write.1u.tlog
