C:\Program Files (x86)\Microsoft Visual Studio\2017\Community\Common7\IDE\VC\VCTargets\Microsoft.CppBuild.targets(387,5): warning MSB8028: 중간 디렉터리(x64\Release\)에 다른 프로젝트(SimpleGame.vcxproj)에서 공유하는 파일이 포함되어 있습니다.  이로 인해 잘못된 정리 및 다시 빌드 동작이 수행될 수 있습니다.
  stdafx.cpp
  LoadPng.cpp
LoadPng.cpp(800): warning C4334: '<<': 32비트 시프트의 결과가 암시적으로 64비트로 변환됩니다. 64비트 시프트를 사용하시겠습니까?
LoadPng.cpp(1462): warning C4267: '=': 'size_t'에서 'int'(으)로 변환하면서 데이터가 손실될 수 있습니다.
LoadPng.cpp(1466): warning C4267: '=': 'size_t'에서 'int'(으)로 변환하면서 데이터가 손실될 수 있습니다.
LoadPng.cpp(1538): warning C4267: '=': 'size_t'에서 'unsigned int'(으)로 변환하면서 데이터가 손실될 수 있습니다.
LoadPng.cpp(3483): warning C4334: '<<': 32비트 시프트의 결과가 암시적으로 64비트로 변환됩니다. 64비트 시프트를 사용하시겠습니까?
LoadPng.cpp(3497): warning C4267: '인수': 'size_t'에서 'unsigned int'(으)로 변환하면서 데이터가 손실될 수 있습니다.
LoadPng.cpp(4338): warning C4267: '=': 'size_t'에서 'unsigned int'(으)로 변환하면서 데이터가 손실될 수 있습니다.
LoadPng.cpp(4386): warning C4267: '=': 'size_t'에서 'unsigned int'(으)로 변환하면서 데이터가 손실될 수 있습니다.
LoadPng.cpp(4466): warning C4267: '=': 'size_t'에서 'unsigned int'(으)로 변환하면서 데이터가 손실될 수 있습니다.
LoadPng.cpp(5409): warning C4267: '초기화 중': 'size_t'에서 'unsigned int'(으)로 변환하면서 데이터가 손실될 수 있습니다.
  Object.cpp
Object.cpp(93): warning C4305: '=': 'double'에서 'float'(으)로 잘립니다.
Object.cpp(94): warning C4305: '=': 'double'에서 'float'(으)로 잘립니다.
  Renderer.cpp
Renderer.cpp(110): warning C4267: '=': 'size_t'에서 'GLint'(으)로 변환하면서 데이터가 손실될 수 있습니다.
Renderer.cpp(381): warning C4018: '<': signed 또는 unsigned가 일치하지 않습니다.
  SceneMgr.cpp
  SimpleGame.cpp
  코드를 생성하고 있습니다.
c:\users\jino\desktop\ngp termproject\simplegame\scenemgr.cpp(38): warning C4715: 'SceneMgr::CreateObject': 모든 제어 경로에서 값을 반환하지는 않습니다.
  All 427 functions were compiled because no usable IPDB/IOBJ from previous compilation was found.
  코드를 생성했습니다.
  SimpleGame.vcxproj -> C:\Users\Jino\Desktop\NGP TermProject\x64\Release\NGPTermProjectClient.exe
  SimpleGame.vcxproj -> C:\Users\Jino\Desktop\NGP TermProject\x64\Release\NGPTermProjectClient.pdb (Full PDB)
